# JRE version: Java(TM) SE Runtime Environment (8.0_241-b07) (build 1.8.0_241-b07)
# Java VM: Java HotSpot(TM) 64-Bit Server VM (25.241-b07 mixed mode windows-amd64 compressed oops)
Heap:
 PSYoungGen      total 322560K, used 111630K [0x00000000e0000000, 0x00000000f9700000, 0x0000000100000000)
  eden space 281088K, 24% used [0x00000000e0000000,0x00000000e4485540,0x00000000f1280000)
  from space 41472K, 99% used [0x00000000f1280000,0x00000000f3afe3b0,0x00000000f3b00000)
  to   space 49664K, 0% used [0x00000000f6680000,0x00000000f6680000,0x00000000f9700000)
 ParOldGen       total 194048K, used 74735K [0x00000000a0000000, 0x00000000abd80000, 0x00000000e0000000)
  object space 194048K, 38% used [0x00000000a0000000,0x00000000a48fbf30,0x00000000abd80000)
 Metaspace       used 101138K, capacity 105132K, committed 105364K, reserved 1140736K
  class space    used 13079K, capacity 13904K, committed 14012K, reserved 1048576K
GC Heap History (10 events):
Event: 8234.711 GC heap before
{Heap before GC invocations=21 (full 3):
 PSYoungGen      total 304640K, used 304624K [0x00000000e0000000, 0x00000000f6f80000, 0x0000000100000000)
  eden space 278528K, 100% used [0x00000000e0000000,0x00000000f1000000,0x00000000f1000000)
  from space 26112K, 99% used [0x00000000f1000000,0x00000000f297c100,0x00000000f2980000)
  to   space 36352K, 0% used [0x00000000f4c00000,0x00000000f4c00000,0x00000000f6f80000)
 ParOldGen       total 118784K, used 75955K [0x00000000a0000000, 0x00000000a7400000, 0x00000000e0000000)
  object space 118784K, 63% used [0x00000000a0000000,0x00000000a4a2cd48,0x00000000a7400000)
 Metaspace       used 86033K, capacity 89934K, committed 90260K, reserved 1128448K
  class space    used 11333K, capacity 12146K, committed 12220K, reserved 1048576K
Event: 8234.775 GC heap after
Heap after GC invocations=21 (full 3):
 PSYoungGen      total 286208K, used 18346K [0x00000000e0000000, 0x00000000f5e00000, 0x0000000100000000)
  eden space 267776K, 0% used [0x00000000e0000000,0x00000000e0000000,0x00000000f0580000)
  from space 18432K, 99% used [0x00000000f4c00000,0x00000000f5dea968,0x00000000f5e00000)
  to   space 35840K, 0% used [0x00000000f1800000,0x00000000f1800000,0x00000000f3b00000)
 ParOldGen       total 118784K, used 81743K [0x00000000a0000000, 0x00000000a7400000, 0x00000000e0000000)
  object space 118784K, 68% used [0x00000000a0000000,0x00000000a4fd3fc8,0x00000000a7400000)
 Metaspace       used 86033K, capacity 89934K, committed 90260K, reserved 1128448K
  class space    used 11333K, capacity 12146K, committed 12220K, reserved 1048576K
}
Event: 8260.167 GC heap before
{Heap before GC invocations=22 (full 3):
 PSYoungGen      total 286208K, used 286122K [0x00000000e0000000, 0x00000000f5e00000, 0x0000000100000000)
  eden space 267776K, 100% used [0x00000000e0000000,0x00000000f0580000,0x00000000f0580000)
  from space 18432K, 99% used [0x00000000f4c00000,0x00000000f5dea968,0x00000000f5e00000)
  to   space 35840K, 0% used [0x00000000f1800000,0x00000000f1800000,0x00000000f3b00000)
 ParOldGen       total 118784K, used 81743K [0x00000000a0000000, 0x00000000a7400000, 0x00000000e0000000)
  object space 118784K, 68% used [0x00000000a0000000,0x00000000a4fd3fc8,0x00000000a7400000)
 Metaspace       used 90431K, capacity 94456K, committed 94612K, reserved 1130496K
  class space    used 11853K, capacity 12713K, committed 12732K, reserved 1048576K
Event: 8260.271 GC heap after
Heap after GC invocations=22 (full 3):
 PSYoungGen      total 293376K, used 35817K [0x00000000e0000000, 0x00000000f4f80000, 0x0000000100000000)
  eden space 257536K, 0% used [0x00000000e0000000,0x00000000e0000000,0x00000000efb80000)
  from space 35840K, 99% used [0x00000000f1800000,0x00000000f3afa798,0x00000000f3b00000)
  to   space 20992K, 0% used [0x00000000f3b00000,0x00000000f3b00000,0x00000000f4f80000)
 ParOldGen       total 118784K, used 86514K [0x00000000a0000000, 0x00000000a7400000, 0x00000000e0000000)
  object space 118784K, 72% used [0x00000000a0000000,0x00000000a547cac8,0x00000000a7400000)
 Metaspace       used 90431K, capacity 94456K, committed 94612K, reserved 1130496K
  class space    used 11853K, capacity 12713K, committed 12732K, reserved 1048576K
}
Event: 8261.936 GC heap before
{Heap before GC invocations=23 (full 3):
 PSYoungGen      total 293376K, used 48784K [0x00000000e0000000, 0x00000000f4f80000, 0x0000000100000000)
  eden space 257536K, 5% used [0x00000000e0000000,0x00000000e0ca9888,0x00000000efb80000)
  from space 35840K, 99% used [0x00000000f1800000,0x00000000f3afa798,0x00000000f3b00000)
  to   space 20992K, 0% used [0x00000000f3b00000,0x00000000f3b00000,0x00000000f4f80000)
 ParOldGen       total 118784K, used 86514K [0x00000000a0000000, 0x00000000a7400000, 0x00000000e0000000)
  object space 118784K, 72% used [0x00000000a0000000,0x00000000a547cac8,0x00000000a7400000)
 Metaspace       used 94181K, capacity 98238K, committed 98380K, reserved 1134592K
  class space    used 12357K, capacity 13227K, committed 13244K, reserved 1048576K
Event: 8262.009 GC heap after
Heap after GC invocations=23 (full 3):
 PSYoungGen      total 302080K, used 11483K [0x00000000e0000000, 0x00000000f6b80000, 0x0000000100000000)
  eden space 281088K, 0% used [0x00000000e0000000,0x00000000e0000000,0x00000000f1280000)
  from space 20992K, 54% used [0x00000000f3b00000,0x00000000f4636f08,0x00000000f4f80000)
  to   space 41472K, 0% used [0x00000000f1280000,0x00000000f1280000,0x00000000f3b00000)
 ParOldGen       total 118784K, used 102962K [0x00000000a0000000, 0x00000000a7400000, 0x00000000e0000000)
  object space 118784K, 86% used [0x00000000a0000000,0x00000000a648c9d0,0x00000000a7400000)
 Metaspace       used 94181K, capacity 98238K, committed 98380K, reserved 1134592K
  class space    used 12357K, capacity 13227K, committed 13244K, reserved 1048576K
}
Event: 8262.009 GC heap before
{Heap before GC invocations=24 (full 4):
 PSYoungGen      total 302080K, used 11483K [0x00000000e0000000, 0x00000000f6b80000, 0x0000000100000000)
  eden space 281088K, 0% used [0x00000000e0000000,0x00000000e0000000,0x00000000f1280000)
  from space 20992K, 54% used [0x00000000f3b00000,0x00000000f4636f08,0x00000000f4f80000)
  to   space 41472K, 0% used [0x00000000f1280000,0x00000000f1280000,0x00000000f3b00000)
 ParOldGen       total 118784K, used 102962K [0x00000000a0000000, 0x00000000a7400000, 0x00000000e0000000)
  object space 118784K, 86% used [0x00000000a0000000,0x00000000a648c9d0,0x00000000a7400000)
 Metaspace       used 94181K, capacity 98238K, committed 98380K, reserved 1134592K
  class space    used 12357K, capacity 13227K, committed 13244K, reserved 1048576K
Event: 8263.139 GC heap after
Heap after GC invocations=24 (full 4):
 PSYoungGen      total 302080K, used 0K [0x00000000e0000000, 0x00000000f6b80000, 0x0000000100000000)
  eden space 281088K, 0% used [0x00000000e0000000,0x00000000e0000000,0x00000000f1280000)
  from space 20992K, 0% used [0x00000000f3b00000,0x00000000f3b00000,0x00000000f4f80000)
  to   space 41472K, 0% used [0x00000000f1280000,0x00000000f1280000,0x00000000f3b00000)
 ParOldGen       total 194048K, used 71286K [0x00000000a0000000, 0x00000000abd80000, 0x00000000e0000000)
  object space 194048K, 36% used [0x00000000a0000000,0x00000000a459db20,0x00000000abd80000)
 Metaspace       used 93831K, capacity 97418K, committed 98380K, reserved 1134592K
  class space    used 12261K, capacity 13046K, committed 13244K, reserved 1048576K
}
Event: 8309.471 GC heap before
{Heap before GC invocations=25 (full 4):
 PSYoungGen      total 302080K, used 281088K [0x00000000e0000000, 0x00000000f6b80000, 0x0000000100000000)
  eden space 281088K, 100% used [0x00000000e0000000,0x00000000f1280000,0x00000000f1280000)
  from space 20992K, 0% used [0x00000000f3b00000,0x00000000f3b00000,0x00000000f4f80000)
  to   space 41472K, 0% used [0x00000000f1280000,0x00000000f1280000,0x00000000f3b00000)
 ParOldGen       total 194048K, used 71286K [0x00000000a0000000, 0x00000000abd80000, 0x00000000e0000000)
  object space 194048K, 36% used [0x00000000a0000000,0x00000000a459db20,0x00000000abd80000)
 Metaspace       used 98067K, capacity 101824K, committed 102420K, reserved 1138688K
  class space    used 12649K, capacity 13456K, committed 13628K, reserved 1048576K
Event: 8309.641 GC heap after
Heap after GC invocations=25 (full 4):
 PSYoungGen      total 322560K, used 41464K [0x00000000e0000000, 0x00000000f9700000, 0x0000000100000000)
  eden space 281088K, 0% used [0x00000000e0000000,0x00000000e0000000,0x00000000f1280000)
  from space 41472K, 99% used [0x00000000f1280000,0x00000000f3afe3b0,0x00000000f3b00000)
  to   space 49664K, 0% used [0x00000000f6680000,0x00000000f6680000,0x00000000f9700000)
 ParOldGen       total 194048K, used 74735K [0x00000000a0000000, 0x00000000abd80000, 0x00000000e0000000)
  object space 194048K, 38% used [0x00000000a0000000,0x00000000a48fbf30,0x00000000abd80000)
 Metaspace       used 98067K, capacity 101824K, committed 102420K, reserved 1138688K
  class space    used 12649K, capacity 13456K, committed 13628K, reserved 1048576K
}

