# JRE version: OpenJDK Runtime Environment (8.0_202-b08) (build 1.8.0_202-b08)
# Java VM: OpenJDK 64-Bit Server VM (25.202-b08 mixed mode windows-amd64 compressed oops)
Heap:
 PSYoungGen      total 441344K, used 160625K [0x00000000e0000000, 0x00000000ffc00000, 0x0000000100000000)
  eden space 365568K, 40% used [0x00000000e0000000,0x00000000e902bcf0,0x00000000f6500000)
  from space 75776K, 17% used [0x00000000f6500000,0x00000000f71b0a90,0x00000000faf00000)
  to   space 71680K, 0% used [0x00000000fb600000,0x00000000fb600000,0x00000000ffc00000)
 ParOldGen       total 212992K, used 168364K [0x00000000a0000000, 0x00000000ad000000, 0x00000000e0000000)
  object space 212992K, 79% used [0x00000000a0000000,0x00000000aa46b328,0x00000000ad000000)
 Metaspace       used 104000K, capacity 110024K, committed 110592K, reserved 1146880K
  class space    used 12731K, capacity 13903K, committed 14080K, reserved 1048576K
GC Heap History (10 events):
Event: 6620.389 GC heap before
{Heap before GC invocations=48 (full 5):
 PSYoungGen      total 428544K, used 353725K [0x00000000e0000000, 0x00000000ffa80000, 0x0000000100000000)
  eden space 345600K, 99% used [0x00000000e0000000,0x00000000f516b4b8,0x00000000f5180000)
  from space 82944K, 9% used [0x00000000fa980000,0x00000000fb184100,0x00000000ffa80000)
  to   space 86528K, 0% used [0x00000000f5180000,0x00000000f5180000,0x00000000fa600000)
 ParOldGen       total 212992K, used 155436K [0x00000000a0000000, 0x00000000ad000000, 0x00000000e0000000)
  object space 212992K, 72% used [0x00000000a0000000,0x00000000a97cb390,0x00000000ad000000)
 Metaspace       used 102161K, capacity 107312K, committed 109056K, reserved 1144832K
  class space    used 12400K, capacity 13379K, committed 13824K, reserved 1048576K
Event: 6620.409 GC heap after
Heap after GC invocations=48 (full 5):
 PSYoungGen      total 432128K, used 12023K [0x00000000e0000000, 0x00000000ffd80000, 0x0000000100000000)
  eden space 345600K, 0% used [0x00000000e0000000,0x00000000e0000000,0x00000000f5180000)
  from space 86528K, 13% used [0x00000000f5180000,0x00000000f5d3df10,0x00000000fa600000)
  to   space 83456K, 0% used [0x00000000fac00000,0x00000000fac00000,0x00000000ffd80000)
 ParOldGen       total 212992K, used 155444K [0x00000000a0000000, 0x00000000ad000000, 0x00000000e0000000)
  object space 212992K, 72% used [0x00000000a0000000,0x00000000a97cd390,0x00000000ad000000)
 Metaspace       used 102161K, capacity 107312K, committed 109056K, reserved 1144832K
  class space    used 12400K, capacity 13379K, committed 13824K, reserved 1048576K
}
Event: 6620.753 GC heap before
{Heap before GC invocations=49 (full 5):
 PSYoungGen      total 432128K, used 357172K [0x00000000e0000000, 0x00000000ffd80000, 0x0000000100000000)
  eden space 345600K, 99% used [0x00000000e0000000,0x00000000f510f308,0x00000000f5180000)
  from space 86528K, 13% used [0x00000000f5180000,0x00000000f5d3df10,0x00000000fa600000)
  to   space 83456K, 0% used [0x00000000fac00000,0x00000000fac00000,0x00000000ffd80000)
 ParOldGen       total 212992K, used 155444K [0x00000000a0000000, 0x00000000ad000000, 0x00000000e0000000)
  object space 212992K, 72% used [0x00000000a0000000,0x00000000a97cd390,0x00000000ad000000)
 Metaspace       used 102167K, capacity 107312K, committed 109056K, reserved 1144832K
  class space    used 12400K, capacity 13379K, committed 13824K, reserved 1048576K
Event: 6620.771 GC heap after
Heap after GC invocations=49 (full 5):
 PSYoungGen      total 430080K, used 13042K [0x00000000e0000000, 0x00000000ff600000, 0x0000000100000000)
  eden space 354304K, 0% used [0x00000000e0000000,0x00000000e0000000,0x00000000f5a00000)
  from space 75776K, 17% used [0x00000000fac00000,0x00000000fb8bcb50,0x00000000ff600000)
  to   space 79872K, 0% used [0x00000000f5a00000,0x00000000f5a00000,0x00000000fa800000)
 ParOldGen       total 212992K, used 155452K [0x00000000a0000000, 0x00000000ad000000, 0x00000000e0000000)
  object space 212992K, 72% used [0x00000000a0000000,0x00000000a97cf390,0x00000000ad000000)
 Metaspace       used 102167K, capacity 107312K, committed 109056K, reserved 1144832K
  class space    used 12400K, capacity 13379K, committed 13824K, reserved 1048576K
}
Event: 6620.879 GC heap before
{Heap before GC invocations=50 (full 5):
 PSYoungGen      total 430080K, used 366943K [0x00000000e0000000, 0x00000000ff600000, 0x0000000100000000)
  eden space 354304K, 99% used [0x00000000e0000000,0x00000000f599b360,0x00000000f5a00000)
  from space 75776K, 17% used [0x00000000fac00000,0x00000000fb8bcb50,0x00000000ff600000)
  to   space 79872K, 0% used [0x00000000f5a00000,0x00000000f5a00000,0x00000000fa800000)
 ParOldGen       total 212992K, used 155452K [0x00000000a0000000, 0x00000000ad000000, 0x00000000e0000000)
  object space 212992K, 72% used [0x00000000a0000000,0x00000000a97cf390,0x00000000ad000000)
 Metaspace       used 102167K, capacity 107312K, committed 109056K, reserved 1144832K
  class space    used 12400K, capacity 13379K, committed 13824K, reserved 1048576K
Event: 6620.896 GC heap after
Heap after GC invocations=50 (full 5):
 PSYoungGen      total 434176K, used 1200K [0x00000000e0000000, 0x0000000100000000, 0x0000000100000000)
  eden space 354304K, 0% used [0x00000000e0000000,0x00000000e0000000,0x00000000f5a00000)
  from space 79872K, 1% used [0x00000000f5a00000,0x00000000f5b2c0f8,0x00000000fa800000)
  to   space 78848K, 0% used [0x00000000fb300000,0x00000000fb300000,0x0000000100000000)
 ParOldGen       total 212992K, used 164327K [0x00000000a0000000, 0x00000000ad000000, 0x00000000e0000000)
  object space 212992K, 77% used [0x00000000a0000000,0x00000000aa079e08,0x00000000ad000000)
 Metaspace       used 102167K, capacity 107312K, committed 109056K, reserved 1144832K
  class space    used 12400K, capacity 13379K, committed 13824K, reserved 1048576K
}
Event: 7756.174 GC heap before
{Heap before GC invocations=51 (full 5):
 PSYoungGen      total 434176K, used 355504K [0x00000000e0000000, 0x0000000100000000, 0x0000000100000000)
  eden space 354304K, 100% used [0x00000000e0000000,0x00000000f5a00000,0x00000000f5a00000)
  from space 79872K, 1% used [0x00000000f5a00000,0x00000000f5b2c0f8,0x00000000fa800000)
  to   space 78848K, 0% used [0x00000000fb300000,0x00000000fb300000,0x0000000100000000)
 ParOldGen       total 212992K, used 164327K [0x00000000a0000000, 0x00000000ad000000, 0x00000000e0000000)
  object space 212992K, 77% used [0x00000000a0000000,0x00000000aa079e08,0x00000000ad000000)
 Metaspace       used 102673K, capacity 108206K, committed 109696K, reserved 1144832K
  class space    used 12481K, capacity 13551K, committed 13952K, reserved 1048576K
Event: 7756.191 GC heap after
Heap after GC invocations=51 (full 5):
 PSYoungGen      total 437248K, used 6748K [0x00000000e0000000, 0x00000000ff900000, 0x0000000100000000)
  eden space 365568K, 0% used [0x00000000e0000000,0x00000000e0000000,0x00000000f6500000)
  from space 71680K, 9% used [0x00000000fb300000,0x00000000fb997020,0x00000000ff900000)
  to   space 75776K, 0% used [0x00000000f6500000,0x00000000f6500000,0x00000000faf00000)
 ParOldGen       total 212992K, used 165167K [0x00000000a0000000, 0x00000000ad000000, 0x00000000e0000000)
  object space 212992K, 77% used [0x00000000a0000000,0x00000000aa14be38,0x00000000ad000000)
 Metaspace       used 102673K, capacity 108206K, committed 109696K, reserved 1144832K
  class space    used 12481K, capacity 13551K, committed 13952K, reserved 1048576K
}
Event: 7770.177 GC heap before
{Heap before GC invocations=52 (full 5):
 PSYoungGen      total 437248K, used 372316K [0x00000000e0000000, 0x00000000ff900000, 0x0000000100000000)
  eden space 365568K, 100% used [0x00000000e0000000,0x00000000f6500000,0x00000000f6500000)
  from space 71680K, 9% used [0x00000000fb300000,0x00000000fb997020,0x00000000ff900000)
  to   space 75776K, 0% used [0x00000000f6500000,0x00000000f6500000,0x00000000faf00000)
 ParOldGen       total 212992K, used 165167K [0x00000000a0000000, 0x00000000ad000000, 0x00000000e0000000)
  object space 212992K, 77% used [0x00000000a0000000,0x00000000aa14be38,0x00000000ad000000)
 Metaspace       used 103940K, capacity 109868K, committed 110336K, reserved 1144832K
  class space    used 12728K, capacity 13899K, committed 14080K, reserved 1048576K
Event: 7770.254 GC heap after
Heap after GC invocations=52 (full 5):
 PSYoungGen      total 441344K, used 12994K [0x00000000e0000000, 0x00000000ffc00000, 0x0000000100000000)
  eden space 365568K, 0% used [0x00000000e0000000,0x00000000e0000000,0x00000000f6500000)
  from space 75776K, 17% used [0x00000000f6500000,0x00000000f71b0a90,0x00000000faf00000)
  to   space 71680K, 0% used [0x00000000fb600000,0x00000000fb600000,0x00000000ffc00000)
 ParOldGen       total 212992K, used 168364K [0x00000000a0000000, 0x00000000ad000000, 0x00000000e0000000)
  object space 212992K, 79% used [0x00000000a0000000,0x00000000aa46b328,0x00000000ad000000)
 Metaspace       used 103940K, capacity 109868K, committed 110336K, reserved 1144832K
  class space    used 12728K, capacity 13899K, committed 14080K, reserved 1048576K
}

